<?xml version="1.0" encoding="UTF-8"?>
<!-- Generated by org.testng.reporters.JUnitReportReporter -->
<testsuite hostname="LAPTOP-DE7E5JDU" failures="0" tests="1" name="com.mt.simpleAppium.practice.GeneralStoreTest" time="60.053" errors="0" timestamp="2023-06-16T15:32:15 IST" skipped="0">
  <testcase classname="com.mt.simpleAppium.practice.GeneralStoreTest" name="generalStoreTest" time="60.053"/>
  <system-out/>
</testsuite> <!-- com.mt.simpleAppium.practice.GeneralStoreTest -->
