<?xml version="1.0" encoding="UTF-8"?>
<!-- Generated by org.testng.reporters.JUnitReportReporter -->
<testsuite hostname="LAPTOP-DE7E5JDU" failures="0" tests="1" name="com.mt.drivermethods.UnlockPhone" time="20.100" errors="0" timestamp="2023-06-19T10:54:26 IST" skipped="0">
  <testcase classname="com.mt.drivermethods.UnlockPhone" name="unlockThePhone" time="20.100"/>
  <system-out/>
</testsuite> <!-- com.mt.drivermethods.UnlockPhone -->
