<?xml version="1.0" encoding="UTF-8"?>
<!-- Generated by org.testng.reporters.JUnitReportReporter -->
<testsuite hostname="LAPTOP-DE7E5JDU" failures="0" tests="1" name="com.mt.drivermethods.LaunchBrowser" time="20.892" errors="0" timestamp="2023-06-20T11:04:58 IST" skipped="0">
  <testcase classname="com.mt.drivermethods.LaunchBrowser" name="launchBrowser" time="20.892"/>
  <system-out/>
</testsuite> <!-- com.mt.drivermethods.LaunchBrowser -->
