<?xml version="1.0" encoding="UTF-8"?>
<!-- Generated by org.testng.reporters.JUnitReportReporter -->
<testsuite hostname="LAPTOP-DE7E5JDU" failures="0" tests="1" name="com.mt.simpleAppium.practice.DragAndDropGesture" time="20.012" errors="0" timestamp="2023-06-15T16:07:32 IST" skipped="0">
  <testcase classname="com.mt.simpleAppium.practice.DragAndDropGesture" name="DragAndDropGestureTest" time="20.012"/>
  <system-out>
    <![CDATA[drag and drop test passed]]>
  </system-out>
</testsuite> <!-- com.mt.simpleAppium.practice.DragAndDropGesture -->
