<?xml version="1.0" encoding="UTF-8"?>
<!-- Generated by org.testng.reporters.JUnitReportReporter -->
<testsuite hostname="LAPTOP-DE7E5JDU" failures="0" tests="1" name="com.generalstore.testscript.test" time="0.011" errors="0" timestamp="2023-06-21T16:01:27 IST" skipped="0">
  <testcase classname="com.generalstore.testscript.test" name="test" time="0.011"/>
</testsuite> <!-- com.generalstore.testscript.test -->
