<?xml version="1.0" encoding="UTF-8"?>
<!-- Generated by org.testng.reporters.JUnitReportReporter -->
<testsuite hostname="LAPTOP-DE7E5JDU" failures="0" tests="2" name="com.generalstore.testscript.VerifyCheckOutWithWebsiteTest" time="176.491" errors="0" timestamp="2023-06-20T12:37:23 IST" skipped="0">
  <testcase classname="com.generalstore.testscript.VerifyCheckOutWithWebsiteTest" name="verifyCheckOutWithWebsiteTest" time="96.336"/>
  <system-out>
    <![CDATA[Test passed]]>
  </system-out>
  <testcase classname="com.generalstore.testscript.VerifyCheckOutWithWebsiteTest" name="verifyCheckOutWithWebsiteTest" time="80.155"/>
  <system-out>
    <![CDATA[Test passed]]>
  </system-out>
</testsuite> <!-- com.generalstore.testscript.VerifyCheckOutWithWebsiteTest -->
