<?xml version="1.0" encoding="UTF-8"?>
<!-- Generated by org.testng.reporters.JUnitReportReporter -->
<testsuite hostname="LAPTOP-DE7E5JDU" failures="0" tests="1" name="com.mt.simpleAppium.gestures.guesturesTest" time="26.235" errors="0" timestamp="2023-06-16T10:50:10 IST" skipped="0">
  <testcase classname="com.mt.simpleAppium.gestures.guesturesTest" name="guesturesTest" time="26.235"/>
  <system-out>
    <![CDATA[test passed]]>
  </system-out>
</testsuite> <!-- com.mt.simpleAppium.gestures.guesturesTest -->
