<?xml version="1.0" encoding="UTF-8"?>
<!-- Generated by org.testng.reporters.JUnitReportReporter -->
<testsuite hostname="LAPTOP-DE7E5JDU" failures="0" tests="1" name="com.mt.simpleAppium.gestures.ScrollUsingAndoidUISelector" time="21.305" errors="0" timestamp="2023-06-20T15:53:03 IST" skipped="0">
  <testcase classname="com.mt.simpleAppium.gestures.ScrollUsingAndoidUISelector" name="scrollUsingAndoidUISelectorTest" time="21.305"/>
  <system-out/>
</testsuite> <!-- com.mt.simpleAppium.gestures.ScrollUsingAndoidUISelector -->
