<?xml version="1.0" encoding="UTF-8"?>
<!-- Generated by org.testng.reporters.JUnitReportReporter -->
<testsuite hostname="LAPTOP-DE7E5JDU" failures="0" tests="1" name="com.mt.simpleAppium.gestures.DragAndDropWithCordinates" time="16.275" errors="0" timestamp="2023-06-15T17:14:47 IST" skipped="0">
  <testcase classname="com.mt.simpleAppium.gestures.DragAndDropWithCordinates" name="DragAndDropWithCordinatesTest" time="16.275"/>
  <system-out>
    <![CDATA[drag and drop test passed]]>
  </system-out>
</testsuite> <!-- com.mt.simpleAppium.gestures.DragAndDropWithCordinates -->
