<?xml version="1.0" encoding="UTF-8"?>
<!-- Generated by org.testng.reporters.JUnitReportReporter -->
<testsuite hostname="LAPTOP-DE7E5JDU" failures="0" tests="1" name="com.mt.simpleAppium.practice.guesturesTest" time="31.176" errors="0" timestamp="2023-06-15T15:37:23 IST" skipped="0">
  <testcase classname="com.mt.simpleAppium.practice.guesturesTest" name="guesturesTest" time="31.176"/>
  <system-out>
    <![CDATA[test passed]]>
  </system-out>
</testsuite> <!-- com.mt.simpleAppium.practice.guesturesTest -->
