<?xml version="1.0" encoding="UTF-8"?>
<!-- Generated by org.testng.reporters.JUnitReportReporter -->
<testsuite hostname="LAPTOP-DE7E5JDU" failures="0" tests="1" name="com.mt.simpleAppium.gestures.Swipe" time="23.889" errors="0" timestamp="2023-06-16T16:17:25 IST" skipped="0">
  <testcase classname="com.mt.simpleAppium.gestures.Swipe" name="swipeTest" time="23.889"/>
  <system-out/>
</testsuite> <!-- com.mt.simpleAppium.gestures.Swipe -->
