<?xml version="1.0" encoding="UTF-8"?>
<!-- Generated by org.testng.reporters.JUnitReportReporter -->
<testsuite hostname="LAPTOP-DE7E5JDU" failures="0" tests="1" name="com.mt.simpleAppium.gestures.installapp" time="16.038" errors="0" timestamp="2023-06-17T10:09:46 IST" skipped="0">
  <testcase classname="com.mt.simpleAppium.gestures.installapp" name="installapptest" time="16.038"/>
  <system-out/>
</testsuite> <!-- com.mt.simpleAppium.gestures.installapp -->
