<?xml version="1.0" encoding="UTF-8"?>
<!-- Generated by org.testng.reporters.JUnitReportReporter -->
<testsuite hostname="LAPTOP-DE7E5JDU" failures="0" tests="1" name="com.mt.simpleAppium.gestures.ScrollGesture" time="25.525" errors="0" timestamp="2023-06-16T15:33:47 IST" skipped="0">
  <testcase classname="com.mt.simpleAppium.gestures.ScrollGesture" name="scrollGestureTest" time="25.525"/>
  <system-out/>
</testsuite> <!-- com.mt.simpleAppium.gestures.ScrollGesture -->
