<?xml version="1.0" encoding="UTF-8"?>
<!-- Generated by org.testng.reporters.JUnitReportReporter -->
<testsuite hostname="LAPTOP-DE7E5JDU" failures="0" tests="1" name="com.mt.simpleAppium.practice.CalculatorTest" time="39.276" errors="0" timestamp="2023-06-15T15:08:48 IST" skipped="0">
  <testcase classname="com.mt.simpleAppium.practice.CalculatorTest" name="AddTwoNumbersUsingTheCalculator" time="39.276"/>
  <system-out/>
</testsuite> <!-- com.mt.simpleAppium.practice.CalculatorTest -->
