<?xml version="1.0" encoding="UTF-8"?>
<!-- Generated by org.testng.reporters.JUnitReportReporter -->
<testsuite hostname="LAPTOP-DE7E5JDU" failures="0" tests="1" name="com.mt.drivermethods.InstallTheApp" time="26.397" errors="0" timestamp="2023-06-19T12:32:19 IST" skipped="0">
  <testcase classname="com.mt.drivermethods.InstallTheApp" name="installTheApp" time="26.397"/>
  <system-out/>
</testsuite> <!-- com.mt.drivermethods.InstallTheApp -->
