<?xml version="1.0" encoding="UTF-8"?>
<!-- Generated by org.testng.reporters.JUnitReportReporter -->
<testsuite hostname="LAPTOP-DE7E5JDU" failures="0" tests="1" name="com.mt.simpleAppium.practice.OpenAppTest" time="19.516" errors="0" timestamp="2023-06-15T10:55:58 IST" skipped="0">
  <testcase classname="com.mt.simpleAppium.practice.OpenAppTest" name="openAppTest" time="19.516"/>
  <system-out/>
</testsuite> <!-- com.mt.simpleAppium.practice.OpenAppTest -->
